yarn run v1.22.22
$ next dev --hostname 0.0.0.0 --port 3001
  ▲ Next.js 14.2.3
  - Local:        http://localhost:3001
  - Network:      http://0.0.0.0:3001
  - Environments: .env

 ✓ Starting...
 ✓ Ready in 1322ms
 ○ Compiling / ...
 ✓ Compiled / in 13.1s (1177 modules)
 GET / 200 in 2409ms
 ✓ Compiled in 940ms (596 modules)
 GET / 200 in 896ms
 ○ Compiling /dashboard ...
 ✓ Compiled /dashboard in 1877ms (833 modules)
 GET /dashboard 200 in 2125ms
 GET /dashboard 200 in 101ms
 GET /dashboard 200 in 72ms
 GET /dashboard 200 in 179ms
 ✓ Compiled / in 419ms (598 modules)
 GET / 200 in 746ms
 GET / 200 in 85ms
 GET / 200 in 78ms
 GET / 200 in 89ms
 HEAD / 200 in 27ms
 GET / 200 in 25ms
 GET / 200 in 68ms
 GET / 200 in 82ms
 GET /dashboard 200 in 100ms
 GET /dashboard 200 in 94ms
 GET /dashboard 200 in 82ms
 GET /dashboard 200 in 166ms
 ✓ Compiled in 1943ms (611 modules)
